0 info it worked if it ends with ok
1 verbose cli [ '/Applications/Atom.app/Contents/Resources/app/apm/bin/node',
1 verbose cli   '/Applications/Atom.app/Contents/Resources/app/apm/node_modules/npm/bin/npm-cli.js',
1 verbose cli   'version',
1 verbose cli   '1.0.3',
1 verbose cli   '-m',
1 verbose cli   'Prepare %s release' ]
2 info using npm@2.5.1
3 info using node@v0.10.35
4 verbose stack Error: Version not changed
4 verbose stack     at /Applications/Atom.app/Contents/Resources/app/apm/node_modules/npm/lib/version.js:52:49
4 verbose stack     at evalmachine.<anonymous>:272:14
4 verbose stack     at /Applications/Atom.app/Contents/Resources/app/apm/node_modules/npm/node_modules/graceful-fs/graceful-fs.js:102:5
4 verbose stack     at Object.oncomplete (evalmachine.<anonymous>:108:15)
5 verbose cwd /Users/ahmad/Documents/Work/Ahmad/Atom_packs/github/linter-ruby-reek
6 error Darwin 15.0.0
7 error argv "/Applications/Atom.app/Contents/Resources/app/apm/bin/node" "/Applications/Atom.app/Contents/Resources/app/apm/node_modules/npm/bin/npm-cli.js" "version" "1.0.3" "-m" "Prepare %s release"
8 error node v0.10.35
9 error npm  v2.5.1
10 error Version not changed
11 error If you need help, you may report this error at:
11 error     <http://github.com/npm/npm/issues>
12 verbose exit [ 1, true ]
